0 info it worked if it ends with ok
1 verbose cli [ '/usr/local/bin/node', '/usr/local/bin/npm', 'run', 'electron' ]
2 info using npm@4.1.1
3 info using node@v5.0.0
4 verbose run-script [ 'preelectron', 'electron', 'postelectron' ]
5 info lifecycle keep-for-mac@0.1.1~preelectron: keep-for-mac@0.1.1
6 silly lifecycle keep-for-mac@0.1.1~preelectron: no script for preelectron, continuing
7 info lifecycle keep-for-mac@0.1.1~electron: keep-for-mac@0.1.1
8 verbose lifecycle keep-for-mac@0.1.1~electron: unsafe-perm in lifecycle true
9 verbose lifecycle keep-for-mac@0.1.1~electron: PATH: /usr/local/lib/node_modules/npm/bin/node-gyp-bin:/Users/liucong/Documents/Github/keepForMac/node_modules/.bin:/Library/Frameworks/Python.framework/Versions/3.5/bin:/usr/local/bin:/usr/bin:/bin:/usr/sbin:/sbin:/usr/share/java/maven-3.3.3/bin
10 verbose lifecycle keep-for-mac@0.1.1~electron: CWD: /Users/liucong/Documents/Github/keepForMac
11 silly lifecycle keep-for-mac@0.1.1~electron: Args: [ '-c', 'electron .' ]
12 silly lifecycle keep-for-mac@0.1.1~electron: Returned: code: 7  signal: null
13 info lifecycle keep-for-mac@0.1.1~electron: Failed to exec electron script
14 verbose stack Error: keep-for-mac@0.1.1 electron: `electron .`
14 verbose stack Exit status 7
14 verbose stack     at EventEmitter.<anonymous> (/usr/local/lib/node_modules/npm/lib/utils/lifecycle.js:279:16)
14 verbose stack     at emitTwo (events.js:87:13)
14 verbose stack     at EventEmitter.emit (events.js:172:7)
14 verbose stack     at ChildProcess.<anonymous> (/usr/local/lib/node_modules/npm/lib/utils/spawn.js:40:14)
14 verbose stack     at emitTwo (events.js:87:13)
14 verbose stack     at ChildProcess.emit (events.js:172:7)
14 verbose stack     at maybeClose (internal/child_process.js:818:16)
14 verbose stack     at Process.ChildProcess._handle.onexit (internal/child_process.js:211:5)
15 verbose pkgid keep-for-mac@0.1.1
16 verbose cwd /Users/liucong/Documents/Github/keepForMac
17 error Darwin 16.4.0
18 error argv "/usr/local/bin/node" "/usr/local/bin/npm" "run" "electron"
19 error node v5.0.0
20 error npm  v4.1.1
21 error code ELIFECYCLE
22 error keep-for-mac@0.1.1 electron: `electron .`
22 error Exit status 7
23 error Failed at the keep-for-mac@0.1.1 electron script 'electron .'.
23 error Make sure you have the latest version of node.js and npm installed.
23 error If you do, this is most likely a problem with the keep-for-mac package,
23 error not with npm itself.
23 error Tell the author that this fails on your system:
23 error     electron .
23 error You can get information on how to open an issue for this project with:
23 error     npm bugs keep-for-mac
23 error Or if that isn't available, you can get their info via:
23 error     npm owner ls keep-for-mac
23 error There is likely additional logging output above.
24 verbose exit [ 1, true ]
